<?xml version="1.0" encoding="UTF-8"?>
<testsuite name="com.name.brief.validation.GameSessionDtoValidatorTest" tests="2" skipped="0" failures="0" errors="0" timestamp="2018-03-12T19:32:58" hostname="MBP-Andrey" time="0.014">
  <properties/>
  <testcase name="ifStrIdIsOccupiedForThisDayReturnsError" classname="com.name.brief.validation.GameSessionDtoValidatorTest" time="0.008"/>
  <testcase name="ifStrIdIsFreeForThisDayReturnsError" classname="com.name.brief.validation.GameSessionDtoValidatorTest" time="0.005"/>
  <system-out><![CDATA[2018-03-12 22:32:57.896  INFO 53962 --- [    Test worker] .b.t.a.w.s.WebMvcTestContextBootstrapper : Neither @ContextConfiguration nor @ContextHierarchy found for test class [com.name.brief.validation.GameSessionDtoValidatorTest], using SpringBootContextLoader
2018-03-12 22:32:57.896  INFO 53962 --- [    Test worker] o.s.t.c.support.AbstractContextLoader    : Could not detect default resource locations for test class [com.name.brief.validation.GameSessionDtoValidatorTest]: no resource found for suffixes {-context.xml, Context.groovy}.
2018-03-12 22:32:57.897  INFO 53962 --- [    Test worker] t.c.s.AnnotationConfigContextLoaderUtils : Could not detect default configuration classes for test class [com.name.brief.validation.GameSessionDtoValidatorTest]: GameSessionDtoValidatorTest does not declare any static, non-private, non-final, nested classes annotated with @Configuration.
2018-03-12 22:32:57.907  INFO 53962 --- [    Test worker] .b.t.c.SpringBootTestContextBootstrapper : Found @SpringBootConfiguration com.name.brief.Application for test class com.name.brief.validation.GameSessionDtoValidatorTest
2018-03-12 22:32:57.909  INFO 53962 --- [    Test worker] .b.t.a.w.s.WebMvcTestContextBootstrapper : Loaded default TestExecutionListener class names from location [META-INF/spring.factories]: [org.springframework.security.test.context.support.WithSecurityContextTestExecutionListener, org.springframework.security.test.context.support.ReactorContextTestExecutionListener, org.springframework.boot.test.autoconfigure.restdocs.RestDocsTestExecutionListener, org.springframework.boot.test.autoconfigure.web.client.MockRestServiceServerResetTestExecutionListener, org.springframework.boot.test.autoconfigure.web.servlet.MockMvcPrintOnlyOnFailureTestExecutionListener, org.springframework.boot.test.autoconfigure.web.servlet.WebDriverTestExecutionListener, org.springframework.boot.test.mock.mockito.MockitoTestExecutionListener, org.springframework.boot.test.mock.mockito.ResetMocksTestExecutionListener, org.springframework.test.context.web.ServletTestExecutionListener, org.springframework.test.context.support.DirtiesContextBeforeModesTestExecutionListener, org.springframework.test.context.support.DependencyInjectionTestExecutionListener, org.springframework.test.context.support.DirtiesContextTestExecutionListener, org.springframework.test.context.transaction.TransactionalTestExecutionListener, org.springframework.test.context.jdbc.SqlScriptsTestExecutionListener]
2018-03-12 22:32:57.912  INFO 53962 --- [    Test worker] .b.t.a.w.s.WebMvcTestContextBootstrapper : Using TestExecutionListeners: [org.springframework.test.context.web.ServletTestExecutionListener@76b20108, org.springframework.test.context.support.DirtiesContextBeforeModesTestExecutionListener@21366988, org.springframework.boot.test.autoconfigure.SpringBootDependencyInjectionTestExecutionListener@47e60c9f, org.springframework.test.context.support.DirtiesContextTestExecutionListener@3acaaa7e, org.springframework.test.context.transaction.TransactionalTestExecutionListener@5c96466e, org.springframework.test.context.jdbc.SqlScriptsTestExecutionListener@4e7e1e5d, org.springframework.security.test.context.support.WithSecurityContextTestExecutionListener@390b71f9, org.springframework.security.test.context.support.ReactorContextTestExecutionListener@567db5fc, org.springframework.boot.test.autoconfigure.web.servlet.WebDriverTestExecutionListener@38363c6b, org.springframework.boot.test.mock.mockito.ResetMocksTestExecutionListener@68441c6, org.springframework.boot.test.autoconfigure.web.servlet.MockMvcPrintOnlyOnFailureTestExecutionListener@64627c56, org.springframework.boot.test.autoconfigure.web.client.MockRestServiceServerResetTestExecutionListener@5f8bf773, org.springframework.boot.test.autoconfigure.restdocs.RestDocsTestExecutionListener@56d74d8d, org.springframework.boot.test.mock.mockito.MockitoTestExecutionListener@7279ace0]

  .   ____          _            __ _ _
 /\\ / ___'_ __ _ _(_)_ __  __ _ \ \ \ \
( ( )\___ | '_ | '_| | '_ \/ _` | \ \ \ \
 \\/  ___)| |_)| | | | | || (_| |  ) ) ) )
  '  |____| .__|_| |_|_| |_\__, | / / / /
 =========|_|==============|___/=/_/_/_/
 :: Spring Boot ::        (v1.5.9.RELEASE)

2018-03-12 22:32:57.951  INFO 53962 --- [    Test worker] c.n.b.v.GameSessionDtoValidatorTest      : Starting GameSessionDtoValidatorTest on MBP-Andrey with PID 53962 (started by andreyserebryanskiy in /Users/andreyserebryanskiy/IdeaProjects/brief)
2018-03-12 22:32:57.951  INFO 53962 --- [    Test worker] c.n.b.v.GameSessionDtoValidatorTest      : The following profiles are active: dev
2018-03-12 22:32:57.953  INFO 53962 --- [    Test worker] o.s.w.c.s.GenericWebApplicationContext   : Refreshing org.springframework.web.context.support.GenericWebApplicationContext@565f424b: startup date [Mon Mar 12 22:32:57 MSK 2018]; root of context hierarchy
2018-03-12 22:32:58.329  INFO 53962 --- [    Test worker] s.w.s.m.m.a.RequestMappingHandlerAdapter : Looking for @ControllerAdvice: org.springframework.web.context.support.GenericWebApplicationContext@565f424b: startup date [Mon Mar 12 22:32:57 MSK 2018]; root of context hierarchy
2018-03-12 22:32:58.341  INFO 53962 --- [    Test worker] s.w.s.m.m.a.RequestMappingHandlerMapping : Mapped "{[/error]}" onto public org.springframework.http.ResponseEntity<java.util.Map<java.lang.String, java.lang.Object>> org.springframework.boot.autoconfigure.web.BasicErrorController.error(javax.servlet.http.HttpServletRequest)
2018-03-12 22:32:58.341  INFO 53962 --- [    Test worker] s.w.s.m.m.a.RequestMappingHandlerMapping : Mapped "{[/error],produces=[text/html]}" onto public org.springframework.web.servlet.ModelAndView org.springframework.boot.autoconfigure.web.BasicErrorController.errorHtml(javax.servlet.http.HttpServletRequest,javax.servlet.http.HttpServletResponse)
2018-03-12 22:32:58.370  INFO 53962 --- [    Test worker] o.s.w.s.handler.SimpleUrlHandlerMapping  : Mapped URL path [/webjars/**] onto handler of type [class org.springframework.web.servlet.resource.ResourceHttpRequestHandler]
2018-03-12 22:32:58.371  INFO 53962 --- [    Test worker] o.s.w.s.handler.SimpleUrlHandlerMapping  : Mapped URL path [/**] onto handler of type [class org.springframework.web.servlet.resource.ResourceHttpRequestHandler]
2018-03-12 22:32:58.384  INFO 53962 --- [    Test worker] .m.m.a.ExceptionHandlerExceptionResolver : Detected @ExceptionHandler methods in errorController
2018-03-12 22:32:58.401  INFO 53962 --- [    Test worker] o.s.w.s.handler.SimpleUrlHandlerMapping  : Mapped URL path [/**/favicon.ico] onto handler of type [class org.springframework.web.servlet.resource.ResourceHttpRequestHandler]
2018-03-12 22:32:58.535  INFO 53962 --- [    Test worker] b.a.s.AuthenticationManagerConfiguration : 

Using default security password: 349d6ca6-49df-46ab-a424-882cdf558cbc

2018-03-12 22:32:58.545  INFO 53962 --- [    Test worker] o.s.s.web.DefaultSecurityFilterChain     : Creating filter chain: OrRequestMatcher [requestMatchers=[Ant [pattern='/css/**'], Ant [pattern='/js/**'], Ant [pattern='/images/**'], Ant [pattern='/webjars/**'], Ant [pattern='/**/favicon.ico'], Ant [pattern='/error']]], []
2018-03-12 22:32:58.610  INFO 53962 --- [    Test worker] o.s.s.w.a.c.ChannelProcessingFilter      : Validated configuration attributes
2018-03-12 22:32:58.636  INFO 53962 --- [    Test worker] o.s.s.web.DefaultSecurityFilterChain     : Creating filter chain: OrRequestMatcher [requestMatchers=[Ant [pattern='/**']]], [org.springframework.security.web.access.channel.ChannelProcessingFilter@4da23f22, org.springframework.security.web.context.request.async.WebAsyncManagerIntegrationFilter@65b7101d, org.springframework.security.web.context.SecurityContextPersistenceFilter@6de31f22, org.springframework.security.web.header.HeaderWriterFilter@6b446852, org.springframework.security.web.authentication.logout.LogoutFilter@58f0fb54, org.springframework.security.web.authentication.www.BasicAuthenticationFilter@1fc4df2c, org.springframework.security.web.savedrequest.RequestCacheAwareFilter@4c706489, org.springframework.security.web.servletapi.SecurityContextHolderAwareRequestFilter@43e83ad, org.springframework.security.web.authentication.AnonymousAuthenticationFilter@5ad16595, org.springframework.security.web.session.SessionManagementFilter@4ec25a04, org.springframework.security.web.access.ExceptionTranslationFilter@7d4ccc3, org.springframework.security.web.access.intercept.FilterSecurityInterceptor@14da2d00]
2018-03-12 22:32:58.657  INFO 53962 --- [    Test worker] o.s.b.t.m.w.SpringBootMockServletContext : Initializing Spring FrameworkServlet ''
2018-03-12 22:32:58.657  INFO 53962 --- [    Test worker] o.s.t.web.servlet.TestDispatcherServlet  : FrameworkServlet '': initialization started
2018-03-12 22:32:58.664  INFO 53962 --- [    Test worker] o.s.t.web.servlet.TestDispatcherServlet  : FrameworkServlet '': initialization completed in 7 ms
2018-03-12 22:32:58.762  INFO 53962 --- [    Test worker] c.n.b.v.GameSessionDtoValidatorTest      : Started GameSessionDtoValidatorTest in 0.844 seconds (JVM running for 19.862)
]]></system-out>
  <system-err><![CDATA[]]></system-err>
</testsuite>
