<?xml version="1.0" encoding="UTF-8"?>
<testsuite name="com.name.brief.games.PhaseTest" tests="2" skipped="0" failures="0" errors="0" timestamp="2018-03-12T19:32:57" hostname="MBP-Andrey" time="0.001">
  <properties/>
  <testcase name="getStrTimerDuration_returnsProperlyFormattedStr" classname="com.name.brief.games.PhaseTest" time="0.0"/>
  <testcase name="getStrTimerDuration_returnsProperlyFormattedStrIfZeroMinutes" classname="com.name.brief.games.PhaseTest" time="0.0"/>
  <system-out><![CDATA[]]></system-out>
  <system-err><![CDATA[]]></system-err>
</testsuite>
