<?xml version="1.0" encoding="UTF-8"?>
<testsuite name="com.name.brief.web.controller.IndexControllerTest" tests="1" skipped="0" failures="0" errors="0" timestamp="2018-03-12T19:32:52" hostname="MBP-Andrey" time="0.065">
  <properties/>
  <testcase name="indexRequestReturnsIndexView" classname="com.name.brief.web.controller.IndexControllerTest" time="0.065"/>
  <system-out><![CDATA[2018-03-12 22:32:51.582  INFO 53962 --- [    Test worker] .b.t.a.w.s.WebMvcTestContextBootstrapper : Neither @ContextConfiguration nor @ContextHierarchy found for test class [com.name.brief.web.controller.IndexControllerTest], using SpringBootContextLoader
2018-03-12 22:32:51.583  INFO 53962 --- [    Test worker] o.s.t.c.support.AbstractContextLoader    : Could not detect default resource locations for test class [com.name.brief.web.controller.IndexControllerTest]: no resource found for suffixes {-context.xml, Context.groovy}.
2018-03-12 22:32:51.583  INFO 53962 --- [    Test worker] t.c.s.AnnotationConfigContextLoaderUtils : Could not detect default configuration classes for test class [com.name.brief.web.controller.IndexControllerTest]: IndexControllerTest does not declare any static, non-private, non-final, nested classes annotated with @Configuration.
2018-03-12 22:32:51.598  INFO 53962 --- [    Test worker] .b.t.c.SpringBootTestContextBootstrapper : Found @SpringBootConfiguration com.name.brief.Application for test class com.name.brief.web.controller.IndexControllerTest
2018-03-12 22:32:51.600  INFO 53962 --- [    Test worker] .b.t.a.w.s.WebMvcTestContextBootstrapper : Loaded default TestExecutionListener class names from location [META-INF/spring.factories]: [org.springframework.security.test.context.support.WithSecurityContextTestExecutionListener, org.springframework.security.test.context.support.ReactorContextTestExecutionListener, org.springframework.boot.test.autoconfigure.restdocs.RestDocsTestExecutionListener, org.springframework.boot.test.autoconfigure.web.client.MockRestServiceServerResetTestExecutionListener, org.springframework.boot.test.autoconfigure.web.servlet.MockMvcPrintOnlyOnFailureTestExecutionListener, org.springframework.boot.test.autoconfigure.web.servlet.WebDriverTestExecutionListener, org.springframework.boot.test.mock.mockito.MockitoTestExecutionListener, org.springframework.boot.test.mock.mockito.ResetMocksTestExecutionListener, org.springframework.test.context.web.ServletTestExecutionListener, org.springframework.test.context.support.DirtiesContextBeforeModesTestExecutionListener, org.springframework.test.context.support.DependencyInjectionTestExecutionListener, org.springframework.test.context.support.DirtiesContextTestExecutionListener, org.springframework.test.context.transaction.TransactionalTestExecutionListener, org.springframework.test.context.jdbc.SqlScriptsTestExecutionListener]
2018-03-12 22:32:51.606  INFO 53962 --- [    Test worker] .b.t.a.w.s.WebMvcTestContextBootstrapper : Using TestExecutionListeners: [org.springframework.test.context.web.ServletTestExecutionListener@6552d0e1, org.springframework.test.context.support.DirtiesContextBeforeModesTestExecutionListener@2df2e84c, org.springframework.boot.test.autoconfigure.SpringBootDependencyInjectionTestExecutionListener@c9641ec, org.springframework.test.context.support.DirtiesContextTestExecutionListener@2062adc0, org.springframework.test.context.transaction.TransactionalTestExecutionListener@5344b4f5, org.springframework.test.context.jdbc.SqlScriptsTestExecutionListener@69ce8659, org.springframework.security.test.context.support.WithSecurityContextTestExecutionListener@57e933ad, org.springframework.security.test.context.support.ReactorContextTestExecutionListener@6250883d, org.springframework.boot.test.autoconfigure.web.servlet.WebDriverTestExecutionListener@14c57b9e, org.springframework.boot.test.mock.mockito.ResetMocksTestExecutionListener@924cb11, org.springframework.boot.test.autoconfigure.web.servlet.MockMvcPrintOnlyOnFailureTestExecutionListener@17cee5c3, org.springframework.boot.test.autoconfigure.web.client.MockRestServiceServerResetTestExecutionListener@71398667, org.springframework.boot.test.autoconfigure.restdocs.RestDocsTestExecutionListener@4e1f1a55, org.springframework.boot.test.mock.mockito.MockitoTestExecutionListener@614c2cc4]

  .   ____          _            __ _ _
 /\\ / ___'_ __ _ _(_)_ __  __ _ \ \ \ \
( ( )\___ | '_ | '_| | '_ \/ _` | \ \ \ \
 \\/  ___)| |_)| | | | | || (_| |  ) ) ) )
  '  |____| .__|_| |_|_| |_\__, | / / / /
 =========|_|==============|___/=/_/_/_/
 :: Spring Boot ::        (v1.5.9.RELEASE)

2018-03-12 22:32:51.675  INFO 53962 --- [    Test worker] c.n.b.w.controller.IndexControllerTest   : Starting IndexControllerTest on MBP-Andrey with PID 53962 (started by andreyserebryanskiy in /Users/andreyserebryanskiy/IdeaProjects/brief)
2018-03-12 22:32:51.675  INFO 53962 --- [    Test worker] c.n.b.w.controller.IndexControllerTest   : The following profiles are active: dev
2018-03-12 22:32:51.676  INFO 53962 --- [    Test worker] o.s.w.c.s.GenericWebApplicationContext   : Refreshing org.springframework.web.context.support.GenericWebApplicationContext@47588a9e: startup date [Mon Mar 12 22:32:51 MSK 2018]; root of context hierarchy
2018-03-12 22:32:52.106  INFO 53962 --- [    Test worker] s.w.s.m.m.a.RequestMappingHandlerAdapter : Looking for @ControllerAdvice: org.springframework.web.context.support.GenericWebApplicationContext@47588a9e: startup date [Mon Mar 12 22:32:51 MSK 2018]; root of context hierarchy
2018-03-12 22:32:52.128  INFO 53962 --- [    Test worker] s.w.s.m.m.a.RequestMappingHandlerMapping : Mapped "{[/]}" onto public java.lang.String com.name.brief.web.controller.IndexController.getMain(javax.servlet.http.HttpServletRequest,org.springframework.ui.Model)
2018-03-12 22:32:52.131  INFO 53962 --- [    Test worker] s.w.s.m.m.a.RequestMappingHandlerMapping : Mapped "{[/error]}" onto public org.springframework.http.ResponseEntity<java.util.Map<java.lang.String, java.lang.Object>> org.springframework.boot.autoconfigure.web.BasicErrorController.error(javax.servlet.http.HttpServletRequest)
2018-03-12 22:32:52.132  INFO 53962 --- [    Test worker] s.w.s.m.m.a.RequestMappingHandlerMapping : Mapped "{[/error],produces=[text/html]}" onto public org.springframework.web.servlet.ModelAndView org.springframework.boot.autoconfigure.web.BasicErrorController.errorHtml(javax.servlet.http.HttpServletRequest,javax.servlet.http.HttpServletResponse)
2018-03-12 22:32:52.168  INFO 53962 --- [    Test worker] o.s.w.s.handler.SimpleUrlHandlerMapping  : Mapped URL path [/webjars/**] onto handler of type [class org.springframework.web.servlet.resource.ResourceHttpRequestHandler]
2018-03-12 22:32:52.168  INFO 53962 --- [    Test worker] o.s.w.s.handler.SimpleUrlHandlerMapping  : Mapped URL path [/**] onto handler of type [class org.springframework.web.servlet.resource.ResourceHttpRequestHandler]
2018-03-12 22:32:52.201  INFO 53962 --- [    Test worker] .m.m.a.ExceptionHandlerExceptionResolver : Detected @ExceptionHandler methods in errorController
2018-03-12 22:32:52.215  INFO 53962 --- [    Test worker] o.s.w.s.handler.SimpleUrlHandlerMapping  : Mapped URL path [/**/favicon.ico] onto handler of type [class org.springframework.web.servlet.resource.ResourceHttpRequestHandler]
2018-03-12 22:32:52.389  INFO 53962 --- [    Test worker] b.a.s.AuthenticationManagerConfiguration : 

Using default security password: 15448e97-de55-4752-b75e-e4ac504f75b9

2018-03-12 22:32:52.400  INFO 53962 --- [    Test worker] o.s.s.web.DefaultSecurityFilterChain     : Creating filter chain: OrRequestMatcher [requestMatchers=[Ant [pattern='/css/**'], Ant [pattern='/js/**'], Ant [pattern='/images/**'], Ant [pattern='/webjars/**'], Ant [pattern='/**/favicon.ico'], Ant [pattern='/error']]], []
2018-03-12 22:32:52.443  INFO 53962 --- [    Test worker] o.s.s.w.a.c.ChannelProcessingFilter      : Validated configuration attributes
2018-03-12 22:32:52.461  INFO 53962 --- [    Test worker] o.s.s.web.DefaultSecurityFilterChain     : Creating filter chain: OrRequestMatcher [requestMatchers=[Ant [pattern='/**']]], [org.springframework.security.web.access.channel.ChannelProcessingFilter@9aa95da, org.springframework.security.web.context.request.async.WebAsyncManagerIntegrationFilter@202795d4, org.springframework.security.web.context.SecurityContextPersistenceFilter@353b9b2, org.springframework.security.web.header.HeaderWriterFilter@4ec0ef3d, org.springframework.security.web.authentication.logout.LogoutFilter@5b6fa332, org.springframework.security.web.authentication.www.BasicAuthenticationFilter@1866d6f1, org.springframework.security.web.savedrequest.RequestCacheAwareFilter@643f482d, org.springframework.security.web.servletapi.SecurityContextHolderAwareRequestFilter@2dcfea90, org.springframework.security.web.authentication.AnonymousAuthenticationFilter@87e845d, org.springframework.security.web.session.SessionManagementFilter@5174f85d, org.springframework.security.web.access.ExceptionTranslationFilter@1f9f028f, org.springframework.security.web.access.intercept.FilterSecurityInterceptor@11970ddc]
2018-03-12 22:32:52.494  INFO 53962 --- [    Test worker] o.s.b.t.m.w.SpringBootMockServletContext : Initializing Spring FrameworkServlet ''
2018-03-12 22:32:52.495  INFO 53962 --- [    Test worker] o.s.t.web.servlet.TestDispatcherServlet  : FrameworkServlet '': initialization started
2018-03-12 22:32:52.510  INFO 53962 --- [    Test worker] o.s.t.web.servlet.TestDispatcherServlet  : FrameworkServlet '': initialization completed in 15 ms
2018-03-12 22:32:52.599  INFO 53962 --- [    Test worker] c.n.b.w.controller.IndexControllerTest   : Started IndexControllerTest in 0.986 seconds (JVM running for 13.699)
2018-03-12 22:32:52.615  INFO 53962 --- [    Test worker] ilder$StaticRequestMappingHandlerMapping : Mapped "{[/]}" onto public java.lang.String com.name.brief.web.controller.IndexController.getMain(javax.servlet.http.HttpServletRequest,org.springframework.ui.Model)
2018-03-12 22:32:52.627  INFO 53962 --- [    Test worker] s.w.s.m.m.a.RequestMappingHandlerAdapter : Looking for @ControllerAdvice: org.springframework.test.web.servlet.setup.StubWebApplicationContext@451c7605
2018-03-12 22:32:52.631  INFO 53962 --- [    Test worker] o.s.mock.web.MockServletContext          : Initializing Spring FrameworkServlet ''
2018-03-12 22:32:52.631  INFO 53962 --- [    Test worker] o.s.t.web.servlet.TestDispatcherServlet  : FrameworkServlet '': initialization started
2018-03-12 22:32:52.631  INFO 53962 --- [    Test worker] o.s.t.web.servlet.TestDispatcherServlet  : FrameworkServlet '': initialization completed in 0 ms
]]></system-out>
  <system-err><![CDATA[]]></system-err>
</testsuite>
