<?xml version="1.0" encoding="UTF-8"?>
<testsuite name="com.name.brief.ApplicationTest" tests="1" skipped="0" failures="0" errors="0" timestamp="2018-03-12T19:32:52" hostname="MBP-Andrey" time="0.004">
  <properties/>
  <testcase name="contextLoads" classname="com.name.brief.ApplicationTest" time="0.004"/>
  <system-out><![CDATA[2018-03-12 22:32:52.677  INFO 53962 --- [    Test worker] .b.t.c.SpringBootTestContextBootstrapper : Neither @ContextConfiguration nor @ContextHierarchy found for test class [com.name.brief.ApplicationTest], using SpringBootContextLoader
2018-03-12 22:32:52.677  INFO 53962 --- [    Test worker] o.s.t.c.support.AbstractContextLoader    : Could not detect default resource locations for test class [com.name.brief.ApplicationTest]: no resource found for suffixes {-context.xml, Context.groovy}.
2018-03-12 22:32:52.678  INFO 53962 --- [    Test worker] t.c.s.AnnotationConfigContextLoaderUtils : Could not detect default configuration classes for test class [com.name.brief.ApplicationTest]: ApplicationTest does not declare any static, non-private, non-final, nested classes annotated with @Configuration.
2018-03-12 22:32:52.685  INFO 53962 --- [    Test worker] .b.t.c.SpringBootTestContextBootstrapper : Found @SpringBootConfiguration com.name.brief.Application for test class com.name.brief.ApplicationTest
2018-03-12 22:32:52.687  INFO 53962 --- [    Test worker] .b.t.c.SpringBootTestContextBootstrapper : Loaded default TestExecutionListener class names from location [META-INF/spring.factories]: [org.springframework.security.test.context.support.WithSecurityContextTestExecutionListener, org.springframework.security.test.context.support.ReactorContextTestExecutionListener, org.springframework.boot.test.autoconfigure.restdocs.RestDocsTestExecutionListener, org.springframework.boot.test.autoconfigure.web.client.MockRestServiceServerResetTestExecutionListener, org.springframework.boot.test.autoconfigure.web.servlet.MockMvcPrintOnlyOnFailureTestExecutionListener, org.springframework.boot.test.autoconfigure.web.servlet.WebDriverTestExecutionListener, org.springframework.boot.test.mock.mockito.MockitoTestExecutionListener, org.springframework.boot.test.mock.mockito.ResetMocksTestExecutionListener, org.springframework.test.context.web.ServletTestExecutionListener, org.springframework.test.context.support.DirtiesContextBeforeModesTestExecutionListener, org.springframework.test.context.support.DependencyInjectionTestExecutionListener, org.springframework.test.context.support.DirtiesContextTestExecutionListener, org.springframework.test.context.transaction.TransactionalTestExecutionListener, org.springframework.test.context.jdbc.SqlScriptsTestExecutionListener]
2018-03-12 22:32:52.690  INFO 53962 --- [    Test worker] .b.t.c.SpringBootTestContextBootstrapper : Using TestExecutionListeners: [org.springframework.test.context.web.ServletTestExecutionListener@2fe5916, org.springframework.test.context.support.DirtiesContextBeforeModesTestExecutionListener@51775eff, org.springframework.boot.test.autoconfigure.SpringBootDependencyInjectionTestExecutionListener@5e1c2960, org.springframework.test.context.support.DirtiesContextTestExecutionListener@52e1f8aa, org.springframework.test.context.transaction.TransactionalTestExecutionListener@22a72d09, org.springframework.test.context.jdbc.SqlScriptsTestExecutionListener@49cc0f04, org.springframework.security.test.context.support.WithSecurityContextTestExecutionListener@76246874, org.springframework.security.test.context.support.ReactorContextTestExecutionListener@2b5deab2, org.springframework.boot.test.autoconfigure.web.servlet.WebDriverTestExecutionListener@308945b5, org.springframework.boot.test.mock.mockito.ResetMocksTestExecutionListener@1994d88f, org.springframework.boot.test.autoconfigure.web.servlet.MockMvcPrintOnlyOnFailureTestExecutionListener@4ca66401, org.springframework.boot.test.autoconfigure.web.client.MockRestServiceServerResetTestExecutionListener@86a0f5d, org.springframework.boot.test.autoconfigure.restdocs.RestDocsTestExecutionListener@72b44708, org.springframework.boot.test.mock.mockito.MockitoTestExecutionListener@4ddbb971]
]]></system-out>
  <system-err><![CDATA[]]></system-err>
</testsuite>
