<?xml version="1.0" encoding="UTF-8"?>
<testsuite name="com.name.brief.utils.BriefUtilsTest" tests="6" skipped="0" failures="0" errors="0" timestamp="2018-03-12T19:32:52" hostname="MBP-Andrey" time="0.004">
  <properties/>
  <testcase name="onEmptyInputReturnsArray5x5" classname="com.name.brief.utils.BriefUtilsTest" time="0.0"/>
  <testcase name="toVariantsSet_returnsEmptySetOnEmptyInput" classname="com.name.brief.utils.BriefUtilsTest" time="0.0"/>
  <testcase name="toVariantsSet_returnsProperSetOnThreeVariantsInput" classname="com.name.brief.utils.BriefUtilsTest" time="0.002"/>
  <testcase name="onOneAnswerInputMarksProperCellAsSelected" classname="com.name.brief.utils.BriefUtilsTest" time="0.001"/>
  <testcase name="onTwoAnswerInputMarksProperCellAsSelected" classname="com.name.brief.utils.BriefUtilsTest" time="0.0"/>
  <testcase name="toVariantsSet_returnsProperSetOnOneVariantInput" classname="com.name.brief.utils.BriefUtilsTest" time="0.0"/>
  <system-out><![CDATA[]]></system-out>
  <system-err><![CDATA[]]></system-err>
</testsuite>
