<?xml version="1.0" encoding="UTF-8"?>
<testsuite name="com.name.brief.repository.UserRepositoryTest" tests="3" skipped="0" failures="0" errors="0" timestamp="2018-03-12T19:32:46" hostname="MBP-Andrey" time="0.032">
  <properties/>
  <testcase name="findByUsername_returnsUserIfFound" classname="com.name.brief.repository.UserRepositoryTest" time="0.013"/>
  <testcase name="findByUsername_returnsNullIfNotFound" classname="com.name.brief.repository.UserRepositoryTest" time="0.008"/>
  <testcase name="findByUsername_returnsNullOnEmptyInput" classname="com.name.brief.repository.UserRepositoryTest" time="0.007"/>
  <system-out><![CDATA[2018-03-12 22:32:46.023  INFO 53962 --- [    Test worker] .b.t.c.SpringBootTestContextBootstrapper : Neither @ContextConfiguration nor @ContextHierarchy found for test class [com.name.brief.repository.UserRepositoryTest], using SpringBootContextLoader
2018-03-12 22:32:46.024  INFO 53962 --- [    Test worker] o.s.t.c.support.AbstractContextLoader    : Could not detect default resource locations for test class [com.name.brief.repository.UserRepositoryTest]: no resource found for suffixes {-context.xml, Context.groovy}.
2018-03-12 22:32:46.025  INFO 53962 --- [    Test worker] t.c.s.AnnotationConfigContextLoaderUtils : Could not detect default configuration classes for test class [com.name.brief.repository.UserRepositoryTest]: UserRepositoryTest does not declare any static, non-private, non-final, nested classes annotated with @Configuration.
2018-03-12 22:32:46.045  INFO 53962 --- [    Test worker] .b.t.c.SpringBootTestContextBootstrapper : Found @SpringBootConfiguration com.name.brief.Application for test class com.name.brief.repository.UserRepositoryTest
2018-03-12 22:32:46.050  INFO 53962 --- [    Test worker] .b.t.c.SpringBootTestContextBootstrapper : Loaded default TestExecutionListener class names from location [META-INF/spring.factories]: [org.springframework.security.test.context.support.WithSecurityContextTestExecutionListener, org.springframework.security.test.context.support.ReactorContextTestExecutionListener, org.springframework.boot.test.autoconfigure.restdocs.RestDocsTestExecutionListener, org.springframework.boot.test.autoconfigure.web.client.MockRestServiceServerResetTestExecutionListener, org.springframework.boot.test.autoconfigure.web.servlet.MockMvcPrintOnlyOnFailureTestExecutionListener, org.springframework.boot.test.autoconfigure.web.servlet.WebDriverTestExecutionListener, org.springframework.boot.test.mock.mockito.MockitoTestExecutionListener, org.springframework.boot.test.mock.mockito.ResetMocksTestExecutionListener, org.springframework.test.context.web.ServletTestExecutionListener, org.springframework.test.context.support.DirtiesContextBeforeModesTestExecutionListener, org.springframework.test.context.support.DependencyInjectionTestExecutionListener, org.springframework.test.context.support.DirtiesContextTestExecutionListener, org.springframework.test.context.transaction.TransactionalTestExecutionListener, org.springframework.test.context.jdbc.SqlScriptsTestExecutionListener]
2018-03-12 22:32:46.054  INFO 53962 --- [    Test worker] .b.t.c.SpringBootTestContextBootstrapper : Using TestExecutionListeners: [org.springframework.test.context.web.ServletTestExecutionListener@2d57aa53, org.springframework.test.context.support.DirtiesContextBeforeModesTestExecutionListener@57a9082f, org.springframework.boot.test.autoconfigure.SpringBootDependencyInjectionTestExecutionListener@590515da, org.springframework.test.context.support.DirtiesContextTestExecutionListener@3ce54ca4, org.springframework.test.context.transaction.TransactionalTestExecutionListener@2cf06c59, org.springframework.test.context.jdbc.SqlScriptsTestExecutionListener@3307e198, org.springframework.security.test.context.support.WithSecurityContextTestExecutionListener@42dd99e7, org.springframework.security.test.context.support.ReactorContextTestExecutionListener@54cb6d74, org.springframework.boot.test.autoconfigure.web.servlet.WebDriverTestExecutionListener@7b765110, org.springframework.boot.test.mock.mockito.ResetMocksTestExecutionListener@77f174c7, org.springframework.boot.test.autoconfigure.web.servlet.MockMvcPrintOnlyOnFailureTestExecutionListener@59cdd97f, org.springframework.boot.test.autoconfigure.web.client.MockRestServiceServerResetTestExecutionListener@5662afff, org.springframework.boot.test.autoconfigure.restdocs.RestDocsTestExecutionListener@1f559af2, org.springframework.boot.test.mock.mockito.MockitoTestExecutionListener@637e8293]

  .   ____          _            __ _ _
 /\\ / ___'_ __ _ _(_)_ __  __ _ \ \ \ \
( ( )\___ | '_ | '_| | '_ \/ _` | \ \ \ \
 \\/  ___)| |_)| | | | | || (_| |  ) ) ) )
  '  |____| .__|_| |_|_| |_\__, | / / / /
 =========|_|==============|___/=/_/_/_/
 :: Spring Boot ::        (v1.5.9.RELEASE)

2018-03-12 22:32:46.141  INFO 53962 --- [    Test worker] c.n.brief.repository.UserRepositoryTest  : Starting UserRepositoryTest on MBP-Andrey with PID 53962 (started by andreyserebryanskiy in /Users/andreyserebryanskiy/IdeaProjects/brief)
2018-03-12 22:32:46.142  INFO 53962 --- [    Test worker] c.n.brief.repository.UserRepositoryTest  : The following profiles are active: dev
2018-03-12 22:32:46.147  INFO 53962 --- [    Test worker] s.c.a.AnnotationConfigApplicationContext : Refreshing org.springframework.context.annotation.AnnotationConfigApplicationContext@2f151f0: startup date [Mon Mar 12 22:32:46 MSK 2018]; root of context hierarchy
2018-03-12 22:32:46.361  INFO 53962 --- [    Test worker] beddedDataSourceBeanFactoryPostProcessor : Replacing 'dataSource' DataSource bean with embedded version
2018-03-12 22:32:46.362  INFO 53962 --- [    Test worker] o.s.b.f.s.DefaultListableBeanFactory     : Overriding bean definition for bean 'dataSource' with a different definition: replacing [Root bean: class [null]; scope=; abstract=false; lazyInit=false; autowireMode=3; dependencyCheck=0; autowireCandidate=true; primary=false; factoryBeanName=org.springframework.boot.autoconfigure.jdbc.DataSourceConfiguration$Tomcat; factoryMethodName=dataSource; initMethodName=null; destroyMethodName=(inferred); defined in class path resource [org/springframework/boot/autoconfigure/jdbc/DataSourceConfiguration$Tomcat.class]] with [Root bean: class [org.springframework.boot.test.autoconfigure.jdbc.TestDatabaseAutoConfiguration$EmbeddedDataSourceFactoryBean]; scope=; abstract=false; lazyInit=false; autowireMode=0; dependencyCheck=0; autowireCandidate=true; primary=false; factoryBeanName=null; factoryMethodName=null; initMethodName=null; destroyMethodName=null]
2018-03-12 22:32:46.403  INFO 53962 --- [    Test worker] o.s.j.d.e.EmbeddedDatabaseFactory        : Starting embedded database: url='jdbc:h2:mem:f6bfc94b-3fe6-4ea0-8684-8de7e5d66bea;DB_CLOSE_DELAY=-1;DB_CLOSE_ON_EXIT=false', username='sa'
2018-03-12 22:32:46.503  INFO 53962 --- [    Test worker] j.LocalContainerEntityManagerFactoryBean : Building JPA container EntityManagerFactory for persistence unit 'default'
2018-03-12 22:32:46.503  INFO 53962 --- [    Test worker] o.hibernate.jpa.internal.util.LogHelper  : HHH000204: Processing PersistenceUnitInfo [
	name: default
	...]
2018-03-12 22:32:46.512  INFO 53962 --- [    Test worker] org.hibernate.dialect.Dialect            : HHH000400: Using dialect: org.hibernate.dialect.H2Dialect
Hibernate: drop table brief if exists
Hibernate: drop table decision if exists
Hibernate: drop table game_session if exists
Hibernate: drop table player if exists
Hibernate: drop table user if exists
Hibernate: create table brief (id bigint generated by default as identity, correct_answers binary(255), english_name varchar(255), number_of_rounds integer not null, russian_name varchar(255), primary key (id))
Hibernate: create table decision (id bigint generated by default as identity, answer varchar(255), round_number integer not null, player_id bigint, primary key (id))
Hibernate: create table game_session (id bigint generated by default as identity, active_date date not null, current_phase_number integer not null, current_round_index integer not null, end_of_timer time, game binary(255) not null, rounds binary(255), str_id varchar(255) not null, user_id bigint, primary key (id))
Hibernate: create table player (id bigint generated by default as identity, command_name varchar(255) not null, logged_in boolean not null, username varchar(255), game_session_id bigint not null, primary key (id))
Hibernate: create table user (id bigint generated by default as identity, password varchar(255) not null, role varchar(255), username varchar(255) not null, primary key (id))
Hibernate: alter table user add constraint UK_sb8bbouer5wak8vyiiy4pf2bx unique (username)
Hibernate: alter table decision add constraint FK4spmbxklplt45dp461xfl7u84 foreign key (player_id) references player
Hibernate: alter table game_session add constraint FK9i2j4a856epglqtqhl32eja4o foreign key (user_id) references user
Hibernate: alter table player add constraint FK31cclyxv31178lpafi3iqi26e foreign key (game_session_id) references game_session
2018-03-12 22:32:46.620  INFO 53962 --- [    Test worker] o.h.t.schema.internal.SchemaCreatorImpl  : HHH000476: Executing import script 'org.hibernate.tool.schema.internal.exec.ScriptSourceInputNonExistentImpl@7eb897c1'
2018-03-12 22:32:46.621  INFO 53962 --- [    Test worker] j.LocalContainerEntityManagerFactoryBean : Initialized JPA EntityManagerFactory for persistence unit 'default'
2018-03-12 22:32:46.741  INFO 53962 --- [    Test worker] o.h.h.i.QueryTranslatorFactoryInitiator  : HHH000397: Using ASTQueryTranslatorFactory
2018-03-12 22:32:46.851  INFO 53962 --- [    Test worker] c.n.brief.repository.UserRepositoryTest  : Started UserRepositoryTest in 0.788 seconds (JVM running for 7.951)
2018-03-12 22:32:46.865  INFO 53962 --- [    Test worker] o.s.t.c.transaction.TransactionContext   : Began transaction (1) for test context [DefaultTestContext@1362b62d testClass = UserRepositoryTest, testInstance = com.name.brief.repository.UserRepositoryTest@3c327599, testMethod = findByUsername_returnsUserIfFound@UserRepositoryTest, testException = [null], mergedContextConfiguration = [MergedContextConfiguration@3f762684 testClass = UserRepositoryTest, locations = '{}', classes = '{class com.name.brief.Application}', contextInitializerClasses = '[]', activeProfiles = '{}', propertySourceLocations = '{}', propertySourceProperties = '{org.springframework.boot.test.context.SpringBootTestContextBootstrapper=true}', contextCustomizers = set[org.springframework.boot.test.autoconfigure.OverrideAutoConfigurationContextCustomizerFactory$DisableAutoConfigurationContextCustomizer@4a5df6d5, org.springframework.boot.test.autoconfigure.filter.TypeExcludeFiltersContextCustomizer@351584c0, org.springframework.boot.test.autoconfigure.properties.PropertyMappingContextCustomizer@6856e773, org.springframework.boot.test.autoconfigure.web.servlet.WebDriverContextCustomizerFactory$Customizer@5e593759, [ImportsContextCustomizer@3d9bc840 key = [org.springframework.boot.autoconfigure.cache.CacheAutoConfiguration, org.springframework.boot.autoconfigure.data.jpa.JpaRepositoriesAutoConfiguration, org.springframework.boot.autoconfigure.flyway.FlywayAutoConfiguration, org.springframework.boot.autoconfigure.jdbc.DataSourceAutoConfiguration, org.springframework.boot.autoconfigure.jdbc.DataSourceTransactionManagerAutoConfiguration, org.springframework.boot.autoconfigure.jdbc.JdbcTemplateAutoConfiguration, org.springframework.boot.autoconfigure.liquibase.LiquibaseAutoConfiguration, org.springframework.boot.autoconfigure.orm.jpa.HibernateJpaAutoConfiguration, org.springframework.boot.autoconfigure.transaction.TransactionAutoConfiguration, org.springframework.boot.test.autoconfigure.jdbc.TestDatabaseAutoConfiguration, org.springframework.boot.test.autoconfigure.orm.jpa.TestEntityManagerAutoConfiguration]], org.springframework.boot.test.context.filter.ExcludeFilterContextCustomizer@55b17977, org.springframework.boot.test.json.DuplicateJsonObjectContextCustomizerFactory$DuplicateJsonObjectContextCustomizer@702ea2a3, org.springframework.boot.test.mock.mockito.MockitoContextCustomizer@0], contextLoader = 'org.springframework.boot.test.context.SpringBootContextLoader', parent = [null]]]; transaction manager [org.springframework.orm.jpa.JpaTransactionManager@3f202ab2]; rollback [true]
Hibernate: insert into user (id, password, role, username) values (null, ?, ?, ?)
Hibernate: select user0_.id as id1_4_, user0_.password as password2_4_, user0_.role as role3_4_, user0_.username as username4_4_ from user user0_ where user0_.username=?
2018-03-12 22:32:46.876  INFO 53962 --- [    Test worker] o.s.t.c.transaction.TransactionContext   : Rolled back transaction for test context [DefaultTestContext@1362b62d testClass = UserRepositoryTest, testInstance = com.name.brief.repository.UserRepositoryTest@3c327599, testMethod = findByUsername_returnsUserIfFound@UserRepositoryTest, testException = [null], mergedContextConfiguration = [MergedContextConfiguration@3f762684 testClass = UserRepositoryTest, locations = '{}', classes = '{class com.name.brief.Application}', contextInitializerClasses = '[]', activeProfiles = '{}', propertySourceLocations = '{}', propertySourceProperties = '{org.springframework.boot.test.context.SpringBootTestContextBootstrapper=true}', contextCustomizers = set[org.springframework.boot.test.autoconfigure.OverrideAutoConfigurationContextCustomizerFactory$DisableAutoConfigurationContextCustomizer@4a5df6d5, org.springframework.boot.test.autoconfigure.filter.TypeExcludeFiltersContextCustomizer@351584c0, org.springframework.boot.test.autoconfigure.properties.PropertyMappingContextCustomizer@6856e773, org.springframework.boot.test.autoconfigure.web.servlet.WebDriverContextCustomizerFactory$Customizer@5e593759, [ImportsContextCustomizer@3d9bc840 key = [org.springframework.boot.autoconfigure.cache.CacheAutoConfiguration, org.springframework.boot.autoconfigure.data.jpa.JpaRepositoriesAutoConfiguration, org.springframework.boot.autoconfigure.flyway.FlywayAutoConfiguration, org.springframework.boot.autoconfigure.jdbc.DataSourceAutoConfiguration, org.springframework.boot.autoconfigure.jdbc.DataSourceTransactionManagerAutoConfiguration, org.springframework.boot.autoconfigure.jdbc.JdbcTemplateAutoConfiguration, org.springframework.boot.autoconfigure.liquibase.LiquibaseAutoConfiguration, org.springframework.boot.autoconfigure.orm.jpa.HibernateJpaAutoConfiguration, org.springframework.boot.autoconfigure.transaction.TransactionAutoConfiguration, org.springframework.boot.test.autoconfigure.jdbc.TestDatabaseAutoConfiguration, org.springframework.boot.test.autoconfigure.orm.jpa.TestEntityManagerAutoConfiguration]], org.springframework.boot.test.context.filter.ExcludeFilterContextCustomizer@55b17977, org.springframework.boot.test.json.DuplicateJsonObjectContextCustomizerFactory$DuplicateJsonObjectContextCustomizer@702ea2a3, org.springframework.boot.test.mock.mockito.MockitoContextCustomizer@0], contextLoader = 'org.springframework.boot.test.context.SpringBootContextLoader', parent = [null]]].
2018-03-12 22:32:46.880  INFO 53962 --- [    Test worker] o.s.t.c.transaction.TransactionContext   : Began transaction (1) for test context [DefaultTestContext@1362b62d testClass = UserRepositoryTest, testInstance = com.name.brief.repository.UserRepositoryTest@3db591f6, testMethod = findByUsername_returnsNullIfNotFound@UserRepositoryTest, testException = [null], mergedContextConfiguration = [MergedContextConfiguration@3f762684 testClass = UserRepositoryTest, locations = '{}', classes = '{class com.name.brief.Application}', contextInitializerClasses = '[]', activeProfiles = '{}', propertySourceLocations = '{}', propertySourceProperties = '{org.springframework.boot.test.context.SpringBootTestContextBootstrapper=true}', contextCustomizers = set[org.springframework.boot.test.autoconfigure.OverrideAutoConfigurationContextCustomizerFactory$DisableAutoConfigurationContextCustomizer@4a5df6d5, org.springframework.boot.test.autoconfigure.filter.TypeExcludeFiltersContextCustomizer@351584c0, org.springframework.boot.test.autoconfigure.properties.PropertyMappingContextCustomizer@6856e773, org.springframework.boot.test.autoconfigure.web.servlet.WebDriverContextCustomizerFactory$Customizer@5e593759, [ImportsContextCustomizer@3d9bc840 key = [org.springframework.boot.autoconfigure.cache.CacheAutoConfiguration, org.springframework.boot.autoconfigure.data.jpa.JpaRepositoriesAutoConfiguration, org.springframework.boot.autoconfigure.flyway.FlywayAutoConfiguration, org.springframework.boot.autoconfigure.jdbc.DataSourceAutoConfiguration, org.springframework.boot.autoconfigure.jdbc.DataSourceTransactionManagerAutoConfiguration, org.springframework.boot.autoconfigure.jdbc.JdbcTemplateAutoConfiguration, org.springframework.boot.autoconfigure.liquibase.LiquibaseAutoConfiguration, org.springframework.boot.autoconfigure.orm.jpa.HibernateJpaAutoConfiguration, org.springframework.boot.autoconfigure.transaction.TransactionAutoConfiguration, org.springframework.boot.test.autoconfigure.jdbc.TestDatabaseAutoConfiguration, org.springframework.boot.test.autoconfigure.orm.jpa.TestEntityManagerAutoConfiguration]], org.springframework.boot.test.context.filter.ExcludeFilterContextCustomizer@55b17977, org.springframework.boot.test.json.DuplicateJsonObjectContextCustomizerFactory$DuplicateJsonObjectContextCustomizer@702ea2a3, org.springframework.boot.test.mock.mockito.MockitoContextCustomizer@0], contextLoader = 'org.springframework.boot.test.context.SpringBootContextLoader', parent = [null]]]; transaction manager [org.springframework.orm.jpa.JpaTransactionManager@3f202ab2]; rollback [true]
Hibernate: select user0_.id as id1_4_, user0_.password as password2_4_, user0_.role as role3_4_, user0_.username as username4_4_ from user user0_ where user0_.username=?
2018-03-12 22:32:46.886  INFO 53962 --- [    Test worker] o.s.t.c.transaction.TransactionContext   : Rolled back transaction for test context [DefaultTestContext@1362b62d testClass = UserRepositoryTest, testInstance = com.name.brief.repository.UserRepositoryTest@3db591f6, testMethod = findByUsername_returnsNullIfNotFound@UserRepositoryTest, testException = [null], mergedContextConfiguration = [MergedContextConfiguration@3f762684 testClass = UserRepositoryTest, locations = '{}', classes = '{class com.name.brief.Application}', contextInitializerClasses = '[]', activeProfiles = '{}', propertySourceLocations = '{}', propertySourceProperties = '{org.springframework.boot.test.context.SpringBootTestContextBootstrapper=true}', contextCustomizers = set[org.springframework.boot.test.autoconfigure.OverrideAutoConfigurationContextCustomizerFactory$DisableAutoConfigurationContextCustomizer@4a5df6d5, org.springframework.boot.test.autoconfigure.filter.TypeExcludeFiltersContextCustomizer@351584c0, org.springframework.boot.test.autoconfigure.properties.PropertyMappingContextCustomizer@6856e773, org.springframework.boot.test.autoconfigure.web.servlet.WebDriverContextCustomizerFactory$Customizer@5e593759, [ImportsContextCustomizer@3d9bc840 key = [org.springframework.boot.autoconfigure.cache.CacheAutoConfiguration, org.springframework.boot.autoconfigure.data.jpa.JpaRepositoriesAutoConfiguration, org.springframework.boot.autoconfigure.flyway.FlywayAutoConfiguration, org.springframework.boot.autoconfigure.jdbc.DataSourceAutoConfiguration, org.springframework.boot.autoconfigure.jdbc.DataSourceTransactionManagerAutoConfiguration, org.springframework.boot.autoconfigure.jdbc.JdbcTemplateAutoConfiguration, org.springframework.boot.autoconfigure.liquibase.LiquibaseAutoConfiguration, org.springframework.boot.autoconfigure.orm.jpa.HibernateJpaAutoConfiguration, org.springframework.boot.autoconfigure.transaction.TransactionAutoConfiguration, org.springframework.boot.test.autoconfigure.jdbc.TestDatabaseAutoConfiguration, org.springframework.boot.test.autoconfigure.orm.jpa.TestEntityManagerAutoConfiguration]], org.springframework.boot.test.context.filter.ExcludeFilterContextCustomizer@55b17977, org.springframework.boot.test.json.DuplicateJsonObjectContextCustomizerFactory$DuplicateJsonObjectContextCustomizer@702ea2a3, org.springframework.boot.test.mock.mockito.MockitoContextCustomizer@0], contextLoader = 'org.springframework.boot.test.context.SpringBootContextLoader', parent = [null]]].
2018-03-12 22:32:46.889  INFO 53962 --- [    Test worker] o.s.t.c.transaction.TransactionContext   : Began transaction (1) for test context [DefaultTestContext@1362b62d testClass = UserRepositoryTest, testInstance = com.name.brief.repository.UserRepositoryTest@6ab59056, testMethod = findByUsername_returnsNullOnEmptyInput@UserRepositoryTest, testException = [null], mergedContextConfiguration = [MergedContextConfiguration@3f762684 testClass = UserRepositoryTest, locations = '{}', classes = '{class com.name.brief.Application}', contextInitializerClasses = '[]', activeProfiles = '{}', propertySourceLocations = '{}', propertySourceProperties = '{org.springframework.boot.test.context.SpringBootTestContextBootstrapper=true}', contextCustomizers = set[org.springframework.boot.test.autoconfigure.OverrideAutoConfigurationContextCustomizerFactory$DisableAutoConfigurationContextCustomizer@4a5df6d5, org.springframework.boot.test.autoconfigure.filter.TypeExcludeFiltersContextCustomizer@351584c0, org.springframework.boot.test.autoconfigure.properties.PropertyMappingContextCustomizer@6856e773, org.springframework.boot.test.autoconfigure.web.servlet.WebDriverContextCustomizerFactory$Customizer@5e593759, [ImportsContextCustomizer@3d9bc840 key = [org.springframework.boot.autoconfigure.cache.CacheAutoConfiguration, org.springframework.boot.autoconfigure.data.jpa.JpaRepositoriesAutoConfiguration, org.springframework.boot.autoconfigure.flyway.FlywayAutoConfiguration, org.springframework.boot.autoconfigure.jdbc.DataSourceAutoConfiguration, org.springframework.boot.autoconfigure.jdbc.DataSourceTransactionManagerAutoConfiguration, org.springframework.boot.autoconfigure.jdbc.JdbcTemplateAutoConfiguration, org.springframework.boot.autoconfigure.liquibase.LiquibaseAutoConfiguration, org.springframework.boot.autoconfigure.orm.jpa.HibernateJpaAutoConfiguration, org.springframework.boot.autoconfigure.transaction.TransactionAutoConfiguration, org.springframework.boot.test.autoconfigure.jdbc.TestDatabaseAutoConfiguration, org.springframework.boot.test.autoconfigure.orm.jpa.TestEntityManagerAutoConfiguration]], org.springframework.boot.test.context.filter.ExcludeFilterContextCustomizer@55b17977, org.springframework.boot.test.json.DuplicateJsonObjectContextCustomizerFactory$DuplicateJsonObjectContextCustomizer@702ea2a3, org.springframework.boot.test.mock.mockito.MockitoContextCustomizer@0], contextLoader = 'org.springframework.boot.test.context.SpringBootContextLoader', parent = [null]]]; transaction manager [org.springframework.orm.jpa.JpaTransactionManager@3f202ab2]; rollback [true]
Hibernate: select user0_.id as id1_4_, user0_.password as password2_4_, user0_.role as role3_4_, user0_.username as username4_4_ from user user0_ where user0_.username=?
2018-03-12 22:32:46.894  INFO 53962 --- [    Test worker] o.s.t.c.transaction.TransactionContext   : Rolled back transaction for test context [DefaultTestContext@1362b62d testClass = UserRepositoryTest, testInstance = com.name.brief.repository.UserRepositoryTest@6ab59056, testMethod = findByUsername_returnsNullOnEmptyInput@UserRepositoryTest, testException = [null], mergedContextConfiguration = [MergedContextConfiguration@3f762684 testClass = UserRepositoryTest, locations = '{}', classes = '{class com.name.brief.Application}', contextInitializerClasses = '[]', activeProfiles = '{}', propertySourceLocations = '{}', propertySourceProperties = '{org.springframework.boot.test.context.SpringBootTestContextBootstrapper=true}', contextCustomizers = set[org.springframework.boot.test.autoconfigure.OverrideAutoConfigurationContextCustomizerFactory$DisableAutoConfigurationContextCustomizer@4a5df6d5, org.springframework.boot.test.autoconfigure.filter.TypeExcludeFiltersContextCustomizer@351584c0, org.springframework.boot.test.autoconfigure.properties.PropertyMappingContextCustomizer@6856e773, org.springframework.boot.test.autoconfigure.web.servlet.WebDriverContextCustomizerFactory$Customizer@5e593759, [ImportsContextCustomizer@3d9bc840 key = [org.springframework.boot.autoconfigure.cache.CacheAutoConfiguration, org.springframework.boot.autoconfigure.data.jpa.JpaRepositoriesAutoConfiguration, org.springframework.boot.autoconfigure.flyway.FlywayAutoConfiguration, org.springframework.boot.autoconfigure.jdbc.DataSourceAutoConfiguration, org.springframework.boot.autoconfigure.jdbc.DataSourceTransactionManagerAutoConfiguration, org.springframework.boot.autoconfigure.jdbc.JdbcTemplateAutoConfiguration, org.springframework.boot.autoconfigure.liquibase.LiquibaseAutoConfiguration, org.springframework.boot.autoconfigure.orm.jpa.HibernateJpaAutoConfiguration, org.springframework.boot.autoconfigure.transaction.TransactionAutoConfiguration, org.springframework.boot.test.autoconfigure.jdbc.TestDatabaseAutoConfiguration, org.springframework.boot.test.autoconfigure.orm.jpa.TestEntityManagerAutoConfiguration]], org.springframework.boot.test.context.filter.ExcludeFilterContextCustomizer@55b17977, org.springframework.boot.test.json.DuplicateJsonObjectContextCustomizerFactory$DuplicateJsonObjectContextCustomizer@702ea2a3, org.springframework.boot.test.mock.mockito.MockitoContextCustomizer@0], contextLoader = 'org.springframework.boot.test.context.SpringBootContextLoader', parent = [null]]].
]]></system-out>
  <system-err><![CDATA[]]></system-err>
</testsuite>
